行 17: 控件 brwQuickView 的类 SHDocVwCtl.WebBrowser 不是一个已加载的控件类。
行 43: 控件 brwSource 的类 SHDocVwCtl.WebBrowser 不是一个已加载的控件类。
行 69: 控件 brwDesign 的类 SHDocVwCtl.WebBrowser 不是一个已加载的控件类。
行 95: 控件 tabMain 的类 ComctlLib.TabStrip 不是一个已加载的控件类。
行 24: 属性名 ExtentX 在 brwQuickView 中是无效的。
行 25: 属性名 ExtentY 在 brwQuickView 中是无效的。
行 26: 属性名 ViewMode 在 brwQuickView 中是无效的。
行 27: 属性名 Offline 在 brwQuickView 中是无效的。
行 28: 属性名 Silent 在 brwQuickView 中是无效的。
行 29: 属性名 RegisterAsBrowser 在 brwQuickView 中是无效的。
行 30: 属性名 RegisterAsDropTarget 在 brwQuickView 中是无效的。
行 31: 属性名 AutoArrange 在 brwQuickView 中是无效的。
行 32: 属性名 NoClientEdge 在 brwQuickView 中是无效的。
行 33: 属性名 AlignLeft 在 brwQuickView 中是无效的。
行 34: 属性名 NoWebView 在 brwQuickView 中是无效的。
行 35: 属性名 HideFileNames 在 brwQuickView 中是无效的。
行 36: 属性名 SingleClick 在 brwQuickView 中是无效的。
行 37: 属性名 SingleSelection 在 brwQuickView 中是无效的。
行 38: 属性名 NoFolders 在 brwQuickView 中是无效的。
行 39: 属性名 Transparent 在 brwQuickView 中是无效的。
行 40: 属性名 ViewID 在 brwQuickView 中是无效的。
行 41: 属性名 Location 在 brwQuickView 中是无效的。
行 50: 属性名 ExtentX 在 brwSource 中是无效的。
行 51: 属性名 ExtentY 在 brwSource 中是无效的。
行 52: 属性名 ViewMode 在 brwSource 中是无效的。
行 53: 属性名 Offline 在 brwSource 中是无效的。
行 54: 属性名 Silent 在 brwSource 中是无效的。
行 55: 属性名 RegisterAsBrowser 在 brwSource 中是无效的。
行 56: 属性名 RegisterAsDropTarget 在 brwSource 中是无效的。
行 57: 属性名 AutoArrange 在 brwSource 中是无效的。
行 58: 属性名 NoClientEdge 在 brwSource 中是无效的。
行 59: 属性名 AlignLeft 在 brwSource 中是无效的。
行 60: 属性名 NoWebView 在 brwSource 中是无效的。
行 61: 属性名 HideFileNames 在 brwSource 中是无效的。
行 62: 属性名 SingleClick 在 brwSource 中是无效的。
行 63: 属性名 SingleSelection 在 brwSource 中是无效的。
行 64: 属性名 NoFolders 在 brwSource 中是无效的。
行 65: 属性名 Transparent 在 brwSource 中是无效的。
行 66: 属性名 ViewID 在 brwSource 中是无效的。
行 67: 属性名 Location 在 brwSource 中是无效的。
行 76: 属性名 ExtentX 在 brwDesign 中是无效的。
行 77: 属性名 ExtentY 在 brwDesign 中是无效的。
行 78: 属性名 ViewMode 在 brwDesign 中是无效的。
行 79: 属性名 Offline 在 brwDesign 中是无效的。
行 80: 属性名 Silent 在 brwDesign 中是无效的。
行 81: 属性名 RegisterAsBrowser 在 brwDesign 中是无效的。
行 82: 属性名 RegisterAsDropTarget 在 brwDesign 中是无效的。
行 83: 属性名 AutoArrange 在 brwDesign 中是无效的。
行 84: 属性名 NoClientEdge 在 brwDesign 中是无效的。
行 85: 属性名 AlignLeft 在 brwDesign 中是无效的。
行 86: 属性名 NoWebView 在 brwDesign 中是无效的。
行 87: 属性名 HideFileNames 在 brwDesign 中是无效的。
行 88: 属性名 SingleClick 在 brwDesign 中是无效的。
行 89: 属性名 SingleSelection 在 brwDesign 中是无效的。
行 90: 属性名 NoFolders 在 brwDesign 中是无效的。
行 91: 属性名 Transparent 在 brwDesign 中是无效的。
行 92: 属性名 ViewID 在 brwDesign 中是无效的。
行 93: 属性名 Location 在 brwDesign 中是无效的。
行 102: 属性名 _ExtentX 在 tabMain 中是无效的。
行 103: 属性名 _ExtentY 在 tabMain 中是无效的。
行 104: 属性名 _Version 在 tabMain 中是无效的。
行 128: 属性名 Tabs 在 tabMain 中是无效的。
